This is XeTeX, Version 3.141592653-2.6-0.999993 (TeX Live 2021/W32TeX) (preloaded format=xelatex 2021.6.8)  22 JUN 2021 11:49
entering extended mode
 restricted \write18 enabled.
 %&-line parsing enabled.
**paper.tex
(./paper.tex
LaTeX2e <2021-06-01>
L3 programming layer <2021-06-01> (c:/Users/solis/AppData/Roaming/TinyTeX/texmf
-dist/tex/latex/base/article.cls
Document Class: article 2021/02/12 v1.4n Standard LaTeX document class
(c:/Users/solis/AppData/Roaming/TinyTeX/texmf-dist/tex/latex/base/size12.clo
File: size12.clo 2021/02/12 v1.4n Standard LaTeX file (size option)
)
\c@part=\count178
\c@section=\count179
\c@subsection=\count180
\c@subsubsection=\count181
\c@paragraph=\count182
\c@subparagraph=\count183
\c@figure=\count184
\c@table=\count185
\abovecaptionskip=\skip47
\belowcaptionskip=\skip48
\bibindent=\dimen138
)
(c:/Users/solis/AppData/Roaming/TinyTeX/texmf-dist/tex/latex/amsmath/amsmath.st
y
Package: amsmath 2021/04/20 v2.17j AMS math features
\@mathmargin=\skip49
For additional information on amsmath, use the `?' option.

(c:/Users/solis/AppData/Roaming/TinyTeX/texmf-dist/tex/latex/amsmath/amstext.st
y
Package: amstext 2000/06/29 v2.01 AMS text

(c:/Users/solis/AppData/Roaming/TinyTeX/texmf-dist/tex/latex/amsmath/amsgen.sty
File: amsgen.sty 1999/11/30 v2.0 generic functions
\@emptytoks=\toks16
\ex@=\dimen139
))
(c:/Users/solis/AppData/Roaming/TinyTeX/texmf-dist/tex/latex/amsmath/amsbsy.sty
Package: amsbsy 1999/11/29 v1.2d Bold Symbols
\pmbraise@=\dimen140
)
(c:/Users/solis/AppData/Roaming/TinyTeX/texmf-dist/tex/latex/amsmath/amsopn.sty
Package: amsopn 2016/03/08 v2.02 operator names
)
\inf@bad=\count186
LaTeX Info: Redefining \frac on input line 234.
\uproot@=\count187
\leftroot@=\count188
LaTeX Info: Redefining \overline on input line 399.
\classnum@=\count189
\DOTSCASE@=\count190
LaTeX Info: Redefining \ldots on input line 496.
LaTeX Info: Redefining \dots on input line 499.
LaTeX Info: Redefining \cdots on input line 620.
\Mathstrutbox@=\box50
\strutbox@=\box51
\big@size=\dimen141
LaTeX Font Info:    Redeclaring font encoding OML on input line 743.
LaTeX Font Info:    Redeclaring font encoding OMS on input line 744.
\macc@depth=\count191
\c@MaxMatrixCols=\count192
\dotsspace@=\muskip16
\c@parentequation=\count193
\dspbrk@lvl=\count194
\tag@help=\toks17
\row@=\count195
\column@=\count196
\maxfields@=\count197
\andhelp@=\toks18
\eqnshift@=\dimen142
\alignsep@=\dimen143
\tagshift@=\dimen144
\tagwidth@=\dimen145
\totwidth@=\dimen146
\lineht@=\dimen147
\@envbody=\toks19
\multlinegap=\skip50
\multlinetaggap=\skip51
\mathdisplay@stack=\toks20
LaTeX Info: Redefining \[ on input line 2923.
LaTeX Info: Redefining \] on input line 2924.
)
(c:/Users/solis/AppData/Roaming/TinyTeX/texmf-dist/tex/latex/amsfonts/amssymb.s
ty
Package: amssymb 2013/01/14 v3.01 AMS font symbols

(c:/Users/solis/AppData/Roaming/TinyTeX/texmf-dist/tex/latex/amsfonts/amsfonts.
sty
Package: amsfonts 2013/01/14 v3.01 Basic AMSFonts support
\symAMSa=\mathgroup4
\symAMSb=\mathgroup5
LaTeX Font Info:    Redeclaring math symbol \hbar on input line 98.
LaTeX Font Info:    Overwriting math alphabet `\mathfrak' in version `bold'
(Font)                  U/euf/m/n --> U/euf/b/n on input line 106.
)) (c:/Users/solis/AppData/Roaming/TinyTeX/texmf-dist/tex/latex/lm/lmodern.sty
Package: lmodern 2015/05/01 v1.6.1 Latin Modern Fonts
LaTeX Font Info:    Overwriting symbol font `operators' in version `normal'
(Font)                  OT1/cmr/m/n --> OT1/lmr/m/n on input line 22.
LaTeX Font Info:    Overwriting symbol font `letters' in version `normal'
(Font)                  OML/cmm/m/it --> OML/lmm/m/it on input line 23.
LaTeX Font Info:    Overwriting symbol font `symbols' in version `normal'
(Font)                  OMS/cmsy/m/n --> OMS/lmsy/m/n on input line 24.
LaTeX Font Info:    Overwriting symbol font `largesymbols' in version `normal'
(Font)                  OMX/cmex/m/n --> OMX/lmex/m/n on input line 25.
LaTeX Font Info:    Overwriting symbol font `operators' in version `bold'
(Font)                  OT1/cmr/bx/n --> OT1/lmr/bx/n on input line 26.
LaTeX Font Info:    Overwriting symbol font `letters' in version `bold'
(Font)                  OML/cmm/b/it --> OML/lmm/b/it on input line 27.
LaTeX Font Info:    Overwriting symbol font `symbols' in version `bold'
(Font)                  OMS/cmsy/b/n --> OMS/lmsy/b/n on input line 28.
LaTeX Font Info:    Overwriting symbol font `largesymbols' in version `bold'
(Font)                  OMX/cmex/m/n --> OMX/lmex/m/n on input line 29.
LaTeX Font Info:    Overwriting math alphabet `\mathbf' in version `normal'
(Font)                  OT1/cmr/bx/n --> OT1/lmr/bx/n on input line 31.
LaTeX Font Info:    Overwriting math alphabet `\mathsf' in version `normal'
(Font)                  OT1/cmss/m/n --> OT1/lmss/m/n on input line 32.
LaTeX Font Info:    Overwriting math alphabet `\mathit' in version `normal'
(Font)                  OT1/cmr/m/it --> OT1/lmr/m/it on input line 33.
LaTeX Font Info:    Overwriting math alphabet `\mathtt' in version `normal'
(Font)                  OT1/cmtt/m/n --> OT1/lmtt/m/n on input line 34.
LaTeX Font Info:    Overwriting math alphabet `\mathbf' in version `bold'
(Font)                  OT1/cmr/bx/n --> OT1/lmr/bx/n on input line 35.
LaTeX Font Info:    Overwriting math alphabet `\mathsf' in version `bold'
(Font)                  OT1/cmss/bx/n --> OT1/lmss/bx/n on input line 36.
LaTeX Font Info:    Overwriting math alphabet `\mathit' in version `bold'
(Font)                  OT1/cmr/bx/it --> OT1/lmr/bx/it on input line 37.
LaTeX Font Info:    Overwriting math alphabet `\mathtt' in version `bold'
(Font)                  OT1/cmtt/m/n --> OT1/lmtt/m/n on input line 38.
) (c:/Users/solis/AppData/Roaming/TinyTeX/texmf-dist/tex/generic/iftex/iftex.st
y
Package: iftex 2020/03/06 v1.0d TeX engine tests
)
(c:/Users/solis/AppData/Roaming/TinyTeX/texmf-dist/tex/latex/unicode-math/unico
de-math.sty
(c:/Users/solis/AppData/Roaming/TinyTeX/texmf-dist/tex/latex/l3kernel/expl3.sty
Package: expl3 2021-06-01 L3 programming layer (loader) 

(c:/Users/solis/AppData/Roaming/TinyTeX/texmf-dist/tex/latex/l3backend/l3backen
d-xetex.def
File: l3backend-xetex.def 2021-05-07 L3 backend support: XeTeX
(|extractbb --version)
\c__kernel_sys_dvipdfmx_version_int=\count198
\l__color_backend_stack_int=\count199
\g__color_backend_stack_int=\count266
\g__graphics_track_int=\count267
\l__pdf_internal_box=\box52
\g__pdf_backend_object_int=\count268
\g__pdf_backend_annotation_int=\count269
\g__pdf_backend_link_int=\count270
))
Package: unicode-math 2020/01/31 v0.8q Unicode maths in XeLaTeX and LuaLaTeX

(c:/Users/solis/AppData/Roaming/TinyTeX/texmf-dist/tex/latex/unicode-math/unico
de-math-xetex.sty
Package: unicode-math-xetex 2020/01/31 v0.8q Unicode maths in XeLaTeX and LuaLa
TeX

(c:/Users/solis/AppData/Roaming/TinyTeX/texmf-dist/tex/latex/l3packages/xparse/
xparse.sty
Package: xparse 2021-06-01 L3 Experimental document command parser
)
(c:/Users/solis/AppData/Roaming/TinyTeX/texmf-dist/tex/latex/l3packages/l3keys2
e/l3keys2e.sty
Package: l3keys2e 2021-06-01 LaTeX2e option processing using LaTeX3 keys
)
(c:/Users/solis/AppData/Roaming/TinyTeX/texmf-dist/tex/latex/fontspec/fontspec.
sty
Package: fontspec 2020/02/21 v2.7i Font selection for XeLaTeX and LuaLaTeX

(c:/Users/solis/AppData/Roaming/TinyTeX/texmf-dist/tex/latex/fontspec/fontspec-
xetex.sty
Package: fontspec-xetex 2020/02/21 v2.7i Font selection for XeLaTeX and LuaLaTe
X
\l__fontspec_script_int=\count271
\l__fontspec_language_int=\count272
\l__fontspec_strnum_int=\count273
\l__fontspec_tmp_int=\count274
\l__fontspec_tmpa_int=\count275
\l__fontspec_tmpb_int=\count276
\l__fontspec_tmpc_int=\count277
\l__fontspec_em_int=\count278
\l__fontspec_emdef_int=\count279
\l__fontspec_strong_int=\count280
\l__fontspec_strongdef_int=\count281
\l__fontspec_tmpa_dim=\dimen148
\l__fontspec_tmpb_dim=\dimen149
\l__fontspec_tmpc_dim=\dimen150
(c:/Users/solis/AppData/Roaming/TinyTeX/texmf-dist/tex/latex/base/fontenc.sty
Package: fontenc 2021/04/29 v2.0v Standard LaTeX package
)
(c:/Users/solis/AppData/Roaming/TinyTeX/texmf-dist/tex/latex/fontspec/fontspec.
cfg))) (c:/Users/solis/AppData/Roaming/TinyTeX/texmf-dist/tex/latex/base/fix-cm
.sty
Package: fix-cm 2020/11/24 v1.1t fixes to LaTeX
(c:/Users/solis/AppData/Roaming/TinyTeX/texmf-dist/tex/latex/base/ts1enc.def
File: ts1enc.def 2001/06/05 v3.0e (jk/car/fm) Standard LaTeX file
LaTeX Font Info:    Redeclaring font encoding TS1 on input line 47.
))
\g__um_fam_int=\count282
\g__um_fonts_used_int=\count283
\l__um_primecount_int=\count284
\g__um_primekern_muskip=\muskip17

(c:/Users/solis/AppData/Roaming/TinyTeX/texmf-dist/tex/latex/unicode-math/unico
de-math-table.tex)))
(c:/Users/solis/AppData/Roaming/TinyTeX/texmf-dist/tex/latex/upquote/upquote.st
y
Package: upquote 2012/04/19 v1.3 upright-quote and grave-accent glyphs in verba
tim
(c:/Users/solis/AppData/Roaming/TinyTeX/texmf-dist/tex/latex/base/textcomp.sty
Package: textcomp 2020/02/02 v2.0n Standard LaTeX package
)) (c:/Users/solis/AppData/Roaming/TinyTeX/texmf-dist/tex/latex/xcolor/xcolor.s
ty
Package: xcolor 2016/05/11 v2.12 LaTeX color extensions (UK)

(c:/Users/solis/AppData/Roaming/TinyTeX/texmf-dist/tex/latex/graphics-cfg/color
.cfg
File: color.cfg 2016/01/02 v1.6 sample color configuration
)
Package xcolor Info: Driver file: xetex.def on input line 225.

(c:/Users/solis/AppData/Roaming/TinyTeX/texmf-dist/tex/latex/graphics-def/xetex
.def
File: xetex.def 2021/03/18 v5.0k Graphics/color driver for xetex
)
Package xcolor Info: Model `cmy' substituted by `cmy0' on input line 1348.
Package xcolor Info: Model `RGB' extended on input line 1364.
Package xcolor Info: Model `HTML' substituted by `rgb' on input line 1366.
Package xcolor Info: Model `Hsb' substituted by `hsb' on input line 1367.
Package xcolor Info: Model `tHsb' substituted by `hsb' on input line 1368.
Package xcolor Info: Model `HSB' substituted by `hsb' on input line 1369.
Package xcolor Info: Model `Gray' substituted by `gray' on input line 1370.
Package xcolor Info: Model `wave' substituted by `hsb' on input line 1371.

(c:/Users/solis/AppData/Roaming/TinyTeX/texmf-dist/tex/latex/graphics/dvipsnam.
def
File: dvipsnam.def 2016/06/17 v3.0m Driver-dependent file (DPC,SPQR)
) (c:/Users/solis/AppData/Roaming/TinyTeX/texmf-dist/tex/latex/xcolor/svgnam.de
f
File: svgnam.def 2016/05/11 v2.12 Predefined colors according to SVG 1.1 (UK)
) (c:/Users/solis/AppData/Roaming/TinyTeX/texmf-dist/tex/latex/xcolor/x11nam.de
f
File: x11nam.def 2016/05/11 v2.12 Predefined colors according to Unix/X11 (UK)
))
(c:/Users/solis/AppData/Roaming/TinyTeX/texmf-dist/tex/latex/hyperref/hyperref.
sty
Package: hyperref 2021-06-07 v7.00m Hypertext links for LaTeX

(c:/Users/solis/AppData/Roaming/TinyTeX/texmf-dist/tex/generic/ltxcmds/ltxcmds.
sty
Package: ltxcmds 2020-05-10 v1.25 LaTeX kernel commands for general use (HO)
)
(c:/Users/solis/AppData/Roaming/TinyTeX/texmf-dist/tex/generic/pdftexcmds/pdfte
xcmds.sty
Package: pdftexcmds 2020-06-27 v0.33 Utility functions of pdfTeX for LuaTeX (HO
)

(c:/Users/solis/AppData/Roaming/TinyTeX/texmf-dist/tex/generic/infwarerr/infwar
err.sty
Package: infwarerr 2019/12/03 v1.5 Providing info/warning/error messages (HO)
)
Package pdftexcmds Info: \pdf@primitive is available.
Package pdftexcmds Info: \pdf@ifprimitive is available.
Package pdftexcmds Info: \pdfdraftmode not found.
)
(c:/Users/solis/AppData/Roaming/TinyTeX/texmf-dist/tex/latex/graphics/keyval.st
y
Package: keyval 2014/10/28 v1.15 key=value parser (DPC)
\KV@toks@=\toks21
)
(c:/Users/solis/AppData/Roaming/TinyTeX/texmf-dist/tex/generic/kvsetkeys/kvsetk
eys.sty
Package: kvsetkeys 2019/12/15 v1.18 Key value parser (HO)
)
(c:/Users/solis/AppData/Roaming/TinyTeX/texmf-dist/tex/generic/kvdefinekeys/kvd
efinekeys.sty
Package: kvdefinekeys 2019-12-19 v1.6 Define keys (HO)
)
(c:/Users/solis/AppData/Roaming/TinyTeX/texmf-dist/tex/generic/pdfescape/pdfesc
ape.sty
Package: pdfescape 2019/12/09 v1.15 Implements pdfTeX's escape features (HO)
)
(c:/Users/solis/AppData/Roaming/TinyTeX/texmf-dist/tex/latex/hycolor/hycolor.st
y
Package: hycolor 2020-01-27 v1.10 Color options for hyperref/bookmark (HO)
)
(c:/Users/solis/AppData/Roaming/TinyTeX/texmf-dist/tex/latex/letltxmacro/letltx
macro.sty
Package: letltxmacro 2019/12/03 v1.6 Let assignment for LaTeX macros (HO)
)
(c:/Users/solis/AppData/Roaming/TinyTeX/texmf-dist/tex/latex/auxhook/auxhook.st
y
Package: auxhook 2019-12-17 v1.6 Hooks for auxiliary files (HO)
)
(c:/Users/solis/AppData/Roaming/TinyTeX/texmf-dist/tex/latex/kvoptions/kvoption
s.sty
Package: kvoptions 2020-10-07 v3.14 Key value format for package options (HO)
)
\@linkdim=\dimen151
\Hy@linkcounter=\count285
\Hy@pagecounter=\count286

(c:/Users/solis/AppData/Roaming/TinyTeX/texmf-dist/tex/latex/hyperref/pd1enc.de
f
File: pd1enc.def 2021-06-07 v7.00m Hyperref: PDFDocEncoding definition (HO)
)
(c:/Users/solis/AppData/Roaming/TinyTeX/texmf-dist/tex/latex/hyperref/hyperref-
langpatches.def
File: hyperref-langpatches.def 2021-06-07 v7.00m Hyperref: patches for babel la
nguages
)
(c:/Users/solis/AppData/Roaming/TinyTeX/texmf-dist/tex/generic/intcalc/intcalc.
sty
Package: intcalc 2019/12/15 v1.3 Expandable calculations with integers (HO)
)
(c:/Users/solis/AppData/Roaming/TinyTeX/texmf-dist/tex/generic/etexcmds/etexcmd
s.sty
Package: etexcmds 2019/12/15 v1.7 Avoid name clashes with e-TeX commands (HO)
)
\Hy@SavedSpaceFactor=\count287

(c:/Users/solis/AppData/Roaming/TinyTeX/texmf-dist/tex/latex/hyperref/puenc.def
File: puenc.def 2021-06-07 v7.00m Hyperref: PDF Unicode definition (HO)
)
Package hyperref Info: Option `unicode' set `true' on input line 4073.
Package hyperref Info: Hyper figures OFF on input line 4192.
Package hyperref Info: Link nesting OFF on input line 4197.
Package hyperref Info: Hyper index ON on input line 4200.
Package hyperref Info: Plain pages OFF on input line 4207.
Package hyperref Info: Backreferencing OFF on input line 4212.
Package hyperref Info: Implicit mode ON; LaTeX internals redefined.
Package hyperref Info: Bookmarks ON on input line 4445.
\c@Hy@tempcnt=\count288
(c:/Users/solis/AppData/Roaming/TinyTeX/texmf-dist/tex/latex/url/url.sty
\Urlmuskip=\muskip18
Package: url 2013/09/16  ver 3.4  Verb mode for urls, etc.
)
LaTeX Info: Redefining \url on input line 4804.
\XeTeXLinkMargin=\dimen152

(c:/Users/solis/AppData/Roaming/TinyTeX/texmf-dist/tex/generic/bitset/bitset.st
y
Package: bitset 2019/12/09 v1.3 Handle bit-vector datatype (HO)

(c:/Users/solis/AppData/Roaming/TinyTeX/texmf-dist/tex/generic/bigintcalc/bigin
tcalc.sty
Package: bigintcalc 2019/12/15 v1.5 Expandable calculations on big integers (HO
)
))
\Fld@menulength=\count289
\Field@Width=\dimen153
\Fld@charsize=\dimen154
Package hyperref Info: Hyper figures OFF on input line 6076.
Package hyperref Info: Link nesting OFF on input line 6081.
Package hyperref Info: Hyper index ON on input line 6084.
Package hyperref Info: backreferencing OFF on input line 6091.
Package hyperref Info: Link coloring OFF on input line 6096.
Package hyperref Info: Link coloring with OCG OFF on input line 6101.
Package hyperref Info: PDF/A mode OFF on input line 6106.
LaTeX Info: Redefining \ref on input line 6146.
LaTeX Info: Redefining \pageref on input line 6150.

(c:/Users/solis/AppData/Roaming/TinyTeX/texmf-dist/tex/latex/base/atbegshi-ltx.
sty
Package: atbegshi-ltx 2021/01/10 v1.0c Emulation of the original atbegshi
package with kernel methods
)
\Hy@abspage=\count290
\c@Item=\count291
\c@Hfootnote=\count292
)
Package hyperref Info: Driver (autodetected): hxetex.

(c:/Users/solis/AppData/Roaming/TinyTeX/texmf-dist/tex/latex/hyperref/hxetex.de
f
File: hxetex.def 2021-06-07 v7.00m Hyperref driver for XeTeX

(c:/Users/solis/AppData/Roaming/TinyTeX/texmf-dist/tex/generic/stringenc/string
enc.sty
Package: stringenc 2019/11/29 v1.12 Convert strings between diff. encodings (HO
)
)
\pdfm@box=\box53
\c@Hy@AnnotLevel=\count293
\HyField@AnnotCount=\count294
\Fld@listcount=\count295
\c@bookmark@seq@number=\count296

(c:/Users/solis/AppData/Roaming/TinyTeX/texmf-dist/tex/latex/rerunfilecheck/rer
unfilecheck.sty
Package: rerunfilecheck 2019/12/05 v1.9 Rerun checks for auxiliary files (HO)

(c:/Users/solis/AppData/Roaming/TinyTeX/texmf-dist/tex/latex/base/atveryend-ltx
.sty
Package: atveryend-ltx 2020/08/19 v1.0a Emulation of the original atvery packag
e
with kernel methods
)
(c:/Users/solis/AppData/Roaming/TinyTeX/texmf-dist/tex/generic/uniquecounter/un
iquecounter.sty
Package: uniquecounter 2019/12/15 v1.4 Provide unlimited unique counter (HO)
)
Package uniquecounter Info: New unique counter `rerunfilecheck' on input line 2
86.
)
\Hy@SectionHShift=\skip52
)
Package hyperref Info: Option `colorlinks' set `true' on input line 47.

(c:/Users/solis/AppData/Roaming/TinyTeX/texmf-dist/tex/latex/geometry/geometry.
sty
Package: geometry 2020/01/02 v5.9 Page Geometry

(c:/Users/solis/AppData/Roaming/TinyTeX/texmf-dist/tex/generic/iftex/ifvtex.sty
Package: ifvtex 2019/10/25 v1.7 ifvtex legacy package. Use iftex instead.
)
\Gm@cnth=\count297
\Gm@cntv=\count298
\c@Gm@tempcnt=\count299
\Gm@bindingoffset=\dimen155
\Gm@wd@mp=\dimen156
\Gm@odd@mp=\dimen157
\Gm@even@mp=\dimen158
\Gm@layoutwidth=\dimen159
\Gm@layoutheight=\dimen160
\Gm@layouthoffset=\dimen161
\Gm@layoutvoffset=\dimen162
\Gm@dimlist=\toks22
)
(c:/Users/solis/AppData/Roaming/TinyTeX/texmf-dist/tex/latex/tools/longtable.st
y
Package: longtable 2021-05-07 v4.16 Multi-page Table package (DPC)
\LTleft=\skip53
\LTright=\skip54
\LTpre=\skip55
\LTpost=\skip56
\LTchunksize=\count300
\LTcapwidth=\dimen163
\LT@head=\box54
\LT@firsthead=\box55
\LT@foot=\box56
\LT@lastfoot=\box57
\LT@gbox=\box58
\LT@cols=\count301
\LT@rows=\count302
\c@LT@tables=\count303
\c@LT@chunks=\count304
\LT@p@ftn=\toks23
)
(c:/Users/solis/AppData/Roaming/TinyTeX/texmf-dist/tex/latex/booktabs/booktabs.
sty
Package: booktabs 2020/01/12 v1.61803398 Publication quality tables
\heavyrulewidth=\dimen164
\lightrulewidth=\dimen165
\cmidrulewidth=\dimen166
\belowrulesep=\dimen167
\belowbottomsep=\dimen168
\aboverulesep=\dimen169
\abovetopsep=\dimen170
\cmidrulesep=\dimen171
\cmidrulekern=\dimen172
\defaultaddspace=\dimen173
\@cmidla=\count305
\@cmidlb=\count306
\@aboverulesep=\dimen174
\@belowrulesep=\dimen175
\@thisruleclass=\count307
\@lastruleclass=\count308
\@thisrulewidth=\dimen176
) (c:/Users/solis/AppData/Roaming/TinyTeX/texmf-dist/tex/latex/tools/array.sty
Package: array 2021/04/20 v2.5e Tabular extension package (FMi)
\col@sep=\dimen177
\ar@mcellbox=\box59
\extrarowheight=\dimen178
\NC@list=\toks24
\extratabsurround=\skip57
\backup@length=\skip58
\ar@cellbox=\box60
) (c:/Users/solis/AppData/Roaming/TinyTeX/texmf-dist/tex/latex/tools/calc.sty
Package: calc 2017/05/25 v4.3 Infix arithmetic (KKT,FJ)
\calc@Acount=\count309
\calc@Bcount=\count310
\calc@Adimen=\dimen179
\calc@Bdimen=\dimen180
\calc@Askip=\skip59
\calc@Bskip=\skip60
LaTeX Info: Redefining \setlength on input line 80.
LaTeX Info: Redefining \addtolength on input line 81.
\calc@Ccount=\count311
\calc@Cskip=\skip61
)
(c:/Users/solis/AppData/Roaming/TinyTeX/texmf-dist/tex/latex/etoolbox/etoolbox.
sty
Package: etoolbox 2020/10/05 v2.5k e-TeX tools for LaTeX (JAW)
\etb@tempcnta=\count312
)
(c:/Users/solis/AppData/Roaming/TinyTeX/texmf-dist/tex/latex/mdwtools/footnote.
sty
Package: footnote 1997/01/28 1.13 Save footnotes around boxes
\fn@notes=\box61
\fn@width=\dimen181
)
(c:/Users/solis/AppData/Roaming/TinyTeX/texmf-dist/tex/latex/graphics/graphicx.
sty
Package: graphicx 2020/12/05 v1.2c Enhanced LaTeX Graphics (DPC,SPQR)

(c:/Users/solis/AppData/Roaming/TinyTeX/texmf-dist/tex/latex/graphics/graphics.
sty
Package: graphics 2021/03/04 v1.4d Standard LaTeX Graphics (DPC,SPQR)
(c:/Users/solis/AppData/Roaming/TinyTeX/texmf-dist/tex/latex/graphics/trig.sty
Package: trig 2016/01/03 v1.10 sin cos tan (DPC)
)
(c:/Users/solis/AppData/Roaming/TinyTeX/texmf-dist/tex/latex/graphics-cfg/graph
ics.cfg
File: graphics.cfg 2016/06/04 v1.11 sample graphics configuration
)
Package graphics Info: Driver file: xetex.def on input line 107.
)
\Gin@req@height=\dimen182
\Gin@req@width=\dimen183
)

Package fontspec Info: Arial scale = 0.8311537999406586.


Package fontspec Info: Arial scale = 0.8311537999406586.


Package fontspec Info: Arial scale = 0.8311537999406586.


Package fontspec Info: Arial/B scale = 0.8311537999406586.


Package fontspec Info: Arial/B scale = 0.8311537999406586.


Package fontspec Info: Arial/I scale = 0.8311537999406586.


Package fontspec Info: Arial/I scale = 0.8311537999406586.


Package fontspec Info: Arial/BI scale = 0.8311537999406586.


Package fontspec Info: Arial/BI scale = 0.8311537999406586.


Package fontspec Info: Font family 'Arial(0)' created for font 'Arial' with
(fontspec)             options [Scale=MatchLowercase,Ligatures=TeX,Scale=1].
(fontspec)              
(fontspec)              This font family consists of the following NFSS
(fontspec)             series/shapes:
(fontspec)              
(fontspec)             - 'normal' (m/n) with NFSS spec.:
(fontspec)             <->s*[1]"Arial/OT:script=latn;language=dflt;mapping=tex-
text;"
(fontspec)             - 'small caps'  (m/sc) with NFSS spec.:
(fontspec)             <->s*[1]"Arial/OT:script=latn;language=dflt;+smcp;mappin
g=tex-text;"
(fontspec)             - 'bold' (b/n) with NFSS spec.:
(fontspec)             <->s*[1]"Arial/B/OT:script=latn;language=dflt;mapping=te
x-text;"
(fontspec)             - 'bold small caps'  (b/sc) with NFSS spec.:
(fontspec)             <->s*[1]"Arial/B/OT:script=latn;language=dflt;+smcp;mapp
ing=tex-text;"
(fontspec)             - 'italic' (m/it) with NFSS spec.:
(fontspec)             <->s*[1]"Arial/I/OT:script=latn;language=dflt;mapping=te
x-text;"
(fontspec)             - 'italic small caps'  (m/scit) with NFSS spec.:
(fontspec)             <->s*[1]"Arial/I/OT:script=latn;language=dflt;+smcp;mapp
ing=tex-text;"
(fontspec)             - 'bold italic' (b/it) with NFSS spec.:
(fontspec)             <->s*[1]"Arial/BI/OT:script=latn;language=dflt;mapping=t
ex-text;"
(fontspec)             - 'bold italic small caps'  (b/scit) with NFSS spec.:
(fontspec)             <->s*[1]"Arial/BI/OT:script=latn;language=dflt;+smcp;map
ping=tex-text;"

LaTeX Font Info:    Font shape `TU/Arial(0)/m/n' will be
(Font)              scaled to size 12.0pt on input line 78.

Package fontspec Info: Arial scale = 0.9999975478716753.


Package fontspec Info: Arial scale = 0.9999975478716753.


Package fontspec Info: Arial scale = 0.9999975478716753.


Package fontspec Info: Arial/B scale = 0.9999975478716753.


Package fontspec Info: Arial/B scale = 0.9999975478716753.


Package fontspec Info: Arial/I scale = 0.9999975478716753.


Package fontspec Info: Arial/I scale = 0.9999975478716753.


Package fontspec Info: Arial/BI scale = 0.9999975478716753.


Package fontspec Info: Arial/BI scale = 0.9999975478716753.


Package fontspec Info: Font family 'Arial(1)' created for font 'Arial' with
(fontspec)             options [Scale=MatchLowercase].
(fontspec)              
(fontspec)              This font family consists of the following NFSS
(fontspec)             series/shapes:
(fontspec)              
(fontspec)             - 'normal' (m/n) with NFSS spec.:
(fontspec)             <->s*[0.9999975478716753]"Arial/OT:script=latn;language=
dflt;"
(fontspec)             - 'small caps'  (m/sc) with NFSS spec.:
(fontspec)             <->s*[0.9999975478716753]"Arial/OT:script=latn;language=
dflt;+smcp;"
(fontspec)             - 'bold' (b/n) with NFSS spec.:
(fontspec)             <->s*[0.9999975478716753]"Arial/B/OT:script=latn;languag
e=dflt;"
(fontspec)             - 'bold small caps'  (b/sc) with NFSS spec.:
(fontspec)             <->s*[0.9999975478716753]"Arial/B/OT:script=latn;languag
e=dflt;+smcp;"
(fontspec)             - 'italic' (m/it) with NFSS spec.:
(fontspec)             <->s*[0.9999975478716753]"Arial/I/OT:script=latn;languag
e=dflt;"
(fontspec)             - 'italic small caps'  (m/scit) with NFSS spec.:
(fontspec)             <->s*[0.9999975478716753]"Arial/I/OT:script=latn;languag
e=dflt;+smcp;"
(fontspec)             - 'bold italic' (b/it) with NFSS spec.:
(fontspec)             <->s*[0.9999975478716753]"Arial/BI/OT:script=latn;langua
ge=dflt;"
(fontspec)             - 'bold italic small caps'  (b/scit) with NFSS spec.:
(fontspec)             <->s*[0.9999975478716753]"Arial/BI/OT:script=latn;langua
ge=dflt;+smcp;"

LaTeX Font Info:    Overwriting math alphabet `\mathrm' in version `normal'
(Font)                  OT1/lmr/m/n --> TU/Arial(1)/m/n on input line 78.
LaTeX Font Info:    Overwriting math alphabet `\mathit' in version `normal'
(Font)                  OT1/lmr/m/it --> TU/Arial(1)/m/it on input line 78.
LaTeX Font Info:    Overwriting math alphabet `\mathbf' in version `normal'
(Font)                  OT1/lmr/bx/n --> TU/Arial(1)/b/n on input line 78.

(c:/Users/solis/AppData/Roaming/TinyTeX/texmf-dist/tex/latex/titlesec/titlesec.
sty
Package: titlesec 2019/10/16 v2.13 Sectioning titles
\ttl@box=\box62
\beforetitleunit=\skip62
\aftertitleunit=\skip63
\ttl@plus=\dimen184
\ttl@minus=\dimen185
\ttl@toksa=\toks25
\titlewidth=\dimen186
\titlewidthlast=\dimen187
\titlewidthfirst=\dimen188
) (c:/Users/solis/AppData/Roaming/TinyTeX/texmf-dist/tex/latex/float/float.sty
Package: float 2001/11/08 v1.3d Float enhancements (AL)
\c@float@type=\count313
\float@exts=\toks26
\float@box=\box63
\@float@everytoks=\toks27
\@floatcapt=\box64
)
(c:/Users/solis/AppData/Roaming/TinyTeX/texmf-dist/tex/latex/caption/caption.st
y
Package: caption 2020/10/26 v3.5g Customizing captions (AR)

(c:/Users/solis/AppData/Roaming/TinyTeX/texmf-dist/tex/latex/caption/caption3.s
ty
Package: caption3 2020/10/21 v2.2e caption3 kernel (AR)
\captionmargin=\dimen189
\captionmargin@=\dimen190
\captionwidth=\dimen191
\caption@tempdima=\dimen192
\caption@indent=\dimen193
\caption@parindent=\dimen194
\caption@hangindent=\dimen195
Package caption Info: Standard document class detected.
)
\c@caption@flags=\count314
\c@continuedfloat=\count315
Package caption Info: float package is loaded.
Package caption Info: hyperref package is loaded.
Package caption Info: longtable package is loaded.

(c:/Users/solis/AppData/Roaming/TinyTeX/texmf-dist/tex/latex/caption/ltcaption.
sty
Package: ltcaption 2020/05/30 v1.4b longtable captions (AR)
))
(c:/Users/solis/AppData/Roaming/TinyTeX/texmf-dist/tex/latex/psnfss/mathptmx.st
y
Package: mathptmx 2020/03/25 PSNFSS-v9.3 Times w/ Math, improved (SPQR, WaS) 
LaTeX Font Info:    Redeclaring symbol font `operators' on input line 28.
LaTeX Font Info:    Overwriting symbol font `operators' in version `normal'
(Font)                  OT1/lmr/m/n --> OT1/ztmcm/m/n on input line 28.
LaTeX Font Info:    Overwriting symbol font `operators' in version `bold'
(Font)                  OT1/lmr/bx/n --> OT1/ztmcm/m/n on input line 28.
LaTeX Font Info:    Redeclaring symbol font `letters' on input line 29.
LaTeX Font Info:    Overwriting symbol font `letters' in version `normal'
(Font)                  OML/lmm/m/it --> OML/ztmcm/m/it on input line 29.
LaTeX Font Info:    Overwriting symbol font `letters' in version `bold'
(Font)                  OML/lmm/b/it --> OML/ztmcm/m/it on input line 29.
LaTeX Font Info:    Redeclaring symbol font `symbols' on input line 30.
LaTeX Font Info:    Overwriting symbol font `symbols' in version `normal'
(Font)                  OMS/lmsy/m/n --> OMS/ztmcm/m/n on input line 30.
LaTeX Font Info:    Overwriting symbol font `symbols' in version `bold'
(Font)                  OMS/lmsy/b/n --> OMS/ztmcm/m/n on input line 30.
LaTeX Font Info:    Redeclaring symbol font `largesymbols' on input line 31.
LaTeX Font Info:    Overwriting symbol font `largesymbols' in version `normal'
(Font)                  OMX/lmex/m/n --> OMX/ztmcm/m/n on input line 31.
LaTeX Font Info:    Overwriting symbol font `largesymbols' in version `bold'
(Font)                  OMX/lmex/m/n --> OMX/ztmcm/m/n on input line 31.
\symbold=\mathgroup6
\symitalic=\mathgroup7
LaTeX Font Info:    Redeclaring math alphabet \mathbf on input line 34.
LaTeX Font Info:    Overwriting math alphabet `\mathbf' in version `normal'
(Font)                  TU/Arial(1)/b/n --> OT1/ptm/bx/n on input line 34.
LaTeX Font Info:    Overwriting math alphabet `\mathbf' in version `bold'
(Font)                  OT1/lmr/bx/n --> OT1/ptm/bx/n on input line 34.
LaTeX Font Info:    Redeclaring math alphabet \mathit on input line 35.
LaTeX Font Info:    Overwriting math alphabet `\mathit' in version `normal'
(Font)                  TU/Arial(1)/m/it --> OT1/ptm/m/it on input line 35.
LaTeX Font Info:    Overwriting math alphabet `\mathit' in version `bold'
(Font)                  OT1/lmr/bx/it --> OT1/ptm/m/it on input line 35.
LaTeX Info: Redefining \hbar on input line 50.
)
(c:/Users/solis/AppData/Roaming/TinyTeX/texmf-dist/tex/latex/multirow/multirow.
sty
Package: multirow 2021/03/15 v2.8 Span multiple rows of a table
\multirow@colwidth=\skip64
\multirow@cntb=\count316
\multirow@dima=\skip65
\bigstrutjot=\dimen196
)
(c:/Users/solis/AppData/Roaming/TinyTeX/texmf-dist/tex/latex/wrapfig/wrapfig.st
y
\wrapoverhang=\dimen197
\WF@size=\dimen198
\c@WF@wrappedlines=\count317
\WF@box=\box65
\WF@everypar=\toks28
Package: wrapfig 2003/01/31  v 3.6
)
(c:/Users/solis/AppData/Roaming/TinyTeX/texmf-dist/tex/latex/colortbl/colortbl.
sty
Package: colortbl 2020/01/04 v1.0e Color table columns (DPC)
\everycr=\toks29
\minrowclearance=\skip66
)
(c:/Users/solis/AppData/Roaming/TinyTeX/texmf-dist/tex/latex/pdflscape/pdflscap
e.sty
Package: pdflscape 2019/12/05 v0.12 Display of landscape pages in PDF (HO)

(c:/Users/solis/AppData/Roaming/TinyTeX/texmf-dist/tex/latex/graphics/lscape.st
y
Package: lscape 2020/05/28 v3.02 Landscape Pages (DPC)
)
Package pdflscape Info: Auto-detected driver: dvipdfm (xetex) on input line 98.

) (c:/Users/solis/AppData/Roaming/TinyTeX/texmf-dist/tex/latex/tabu/tabu.sty
Package: tabu 2019/01/11 v2.9 - flexible LaTeX tabulars (FC+tabu-fixed)

(c:/Users/solis/AppData/Roaming/TinyTeX/texmf-dist/tex/latex/varwidth/varwidth.
sty
Package: varwidth 2009/03/30 ver 0.92;  Variable-width minipages
\@vwid@box=\box66
\sift@deathcycles=\count318
\@vwid@loff=\dimen199
\@vwid@roff=\dimen256
)
\c@taburow=\count319
\tabu@nbcols=\count320
\tabu@cnt=\count321
\tabu@Xcol=\count322
\tabu@alloc=\count323
\tabu@nested=\count324
\tabu@target=\dimen257
\tabu@spreadtarget=\dimen258
\tabu@naturalX=\dimen259
\tabucolX=\dimen260
\tabu@Xsum=\dimen261
\extrarowdepth=\dimen262
\abovetabulinesep=\dimen263
\belowtabulinesep=\dimen264
\tabustrutrule=\dimen265
\tabu@thebody=\toks30
\tabu@footnotes=\toks31
\tabu@box=\box67
\tabu@arstrutbox=\box68
\tabu@hleads=\box69
\tabu@vleads=\box70
\tabu@cellskip=\skip67
)
(c:/Users/solis/AppData/Roaming/TinyTeX/texmf-dist/tex/latex/threeparttable/thr
eeparttable.sty
Package: threeparttable 2003/06/13  v 3.0
\@tempboxb=\box71
)
(c:/Users/solis/AppData/Roaming/TinyTeX/texmf-dist/tex/latex/threeparttablex/th
reeparttablex.sty
Package: threeparttablex 2013/07/23 v0.3 by daleif

(c:/Users/solis/AppData/Roaming/TinyTeX/texmf-dist/tex/latex/environ/environ.st
y
Package: environ 2014/05/04 v0.3 A new way to define environments

(c:/Users/solis/AppData/Roaming/TinyTeX/texmf-dist/tex/latex/trimspaces/trimspa
ces.sty
Package: trimspaces 2009/09/17 v1.1 Trim spaces around a token list
))
\TPTL@width=\skip68
) (c:/Users/solis/AppData/Roaming/TinyTeX/texmf-dist/tex/generic/ulem/ulem.sty
\UL@box=\box72
\UL@hyphenbox=\box73
\UL@skip=\skip69
\UL@hook=\toks32
\UL@height=\dimen266
\UL@pe=\count325
\UL@pixel=\dimen267
\ULC@box=\box74
Package: ulem 2019/11/18
\ULdepth=\dimen268
)
(c:/Users/solis/AppData/Roaming/TinyTeX/texmf-dist/tex/latex/makecell/makecell.
sty
Package: makecell 2009/08/03 V0.1e Managing of Tab Column Heads and Cells
\rotheadsize=\dimen269
\c@nlinenum=\count326
\TeXr@lab=\toks33
)
\cslhangindent=\skip70
\csllabelwidth=\skip71
(./paper.aux

LaTeX Warning: Label `tab:trust' multiply defined.


LaTeX Warning: Label `tab:trust' multiply defined.


LaTeX Warning: Label `tab:trust' multiply defined.

)
\openout1 = `paper.aux'.

LaTeX Font Info:    Checking defaults for OML/cmm/m/it on input line 129.
LaTeX Font Info:    ... okay on input line 129.
LaTeX Font Info:    Checking defaults for OMS/cmsy/m/n on input line 129.
LaTeX Font Info:    ... okay on input line 129.
LaTeX Font Info:    Checking defaults for OT1/cmr/m/n on input line 129.
LaTeX Font Info:    ... okay on input line 129.
LaTeX Font Info:    Checking defaults for T1/cmr/m/n on input line 129.
LaTeX Font Info:    ... okay on input line 129.
LaTeX Font Info:    Checking defaults for TS1/cmr/m/n on input line 129.
LaTeX Font Info:    ... okay on input line 129.
LaTeX Font Info:    Checking defaults for TU/lmr/m/n on input line 129.
LaTeX Font Info:    ... okay on input line 129.
LaTeX Font Info:    Checking defaults for OMX/cmex/m/n on input line 129.
LaTeX Font Info:    ... okay on input line 129.
LaTeX Font Info:    Checking defaults for U/cmr/m/n on input line 129.
LaTeX Font Info:    ... okay on input line 129.
LaTeX Font Info:    Checking defaults for PD1/pdf/m/n on input line 129.
LaTeX Font Info:    ... okay on input line 129.
LaTeX Font Info:    Checking defaults for PU/pdf/m/n on input line 129.
LaTeX Font Info:    ... okay on input line 129.
LaTeX Font Info:    Overwriting math alphabet `\mathsf' in version `normal'
(Font)                  OT1/lmss/m/n --> TU/lmss/m/n on input line 129.
LaTeX Font Info:    Overwriting math alphabet `\mathsf' in version `bold'
(Font)                  OT1/lmss/bx/n --> TU/lmss/b/n on input line 129.
LaTeX Font Info:    Overwriting math alphabet `\mathtt' in version `normal'
(Font)                  OT1/lmtt/m/n --> TU/lmtt/m/n on input line 129.
LaTeX Font Info:    Overwriting math alphabet `\mathtt' in version `bold'
(Font)                  OT1/lmtt/m/n --> TU/lmtt/b/n on input line 129.

Package fontspec Info: latinmodern-math scale = 1.030160523730429.


Package fontspec Info: latinmodern-math scale = 1.030160523730429.


Package fontspec Info: latinmodern-math scale = 1.030160523730429.


Package fontspec Info: Font family 'latinmodern-math.otf(0)' created for font
(fontspec)             'latinmodern-math.otf' with options
(fontspec)             [Scale=MatchLowercase,BoldItalicFont={},ItalicFont={},Sm
allCapsFont={},Script=Math,BoldFont={latinmodern-math.otf}].
(fontspec)              
(fontspec)              This font family consists of the following NFSS
(fontspec)             series/shapes:
(fontspec)              
(fontspec)             - 'normal' (m/n) with NFSS spec.:
(fontspec)             <->s*[1.030160523730429]"[latinmodern-math.otf]/OT:scrip
t=math;language=dflt;"
(fontspec)             - 'small caps'  (m/sc) with NFSS spec.: 
(fontspec)             - 'bold' (b/n) with NFSS spec.:
(fontspec)             <->s*[1.030160523730429]"[latinmodern-math.otf]/OT:scrip
t=math;language=dflt;"
(fontspec)             - 'bold small caps'  (b/sc) with NFSS spec.: 

LaTeX Font Info:    Font shape `TU/latinmodern-math.otf(0)/m/n' will be
(Font)              scaled to size 12.362pt on input line 129.

Package fontspec Info: latinmodern-math scale = 1.030160523730429.


Package fontspec Info: latinmodern-math scale = 1.030160523730429.


Package fontspec Info: latinmodern-math scale = 1.030160523730429.


Package fontspec Info: latinmodern-math scale = 1.030160523730429.


Package fontspec Info: latinmodern-math scale = 1.030160523730429.


Package fontspec Info: Font family 'latinmodern-math.otf(1)' created for font
(fontspec)             'latinmodern-math.otf' with options
(fontspec)             [Scale=MatchLowercase,BoldItalicFont={},ItalicFont={},Sm
allCapsFont={},Script=Math,SizeFeatures={{Size=10.2-},{Size=7.2-10.2,Font=latin
modern-math.otf,Style=MathScript},{Size=-7.2,Font=latinmodern-math.otf,Style=Ma
thScriptScript}},BoldFont={latinmodern-math.otf}].
(fontspec)              
(fontspec)              This font family consists of the following NFSS
(fontspec)             series/shapes:
(fontspec)              
(fontspec)             - 'normal' (m/n) with NFSS spec.:
(fontspec)             <10.2->s*[1.030160523730429]"[latinmodern-math.otf]/OT:s
cript=math;language=dflt;"<7.2-10.2>s*[1.030160523730429]"[latinmodern-math.otf
]/OT:script=math;language=dflt;+ssty=0;"<-7.2>s*[1.030160523730429]"[latinmoder
n-math.otf]/OT:script=math;language=dflt;+ssty=1;"
(fontspec)             - 'small caps'  (m/sc) with NFSS spec.: 
(fontspec)             - 'bold' (b/n) with NFSS spec.:
(fontspec)             <->s*[1.030160523730429]"[latinmodern-math.otf]/OT:scrip
t=math;language=dflt;"
(fontspec)             - 'bold small caps'  (b/sc) with NFSS spec.: 

LaTeX Font Info:    Font shape `TU/latinmodern-math.otf(1)/m/n' will be
(Font)              scaled to size 12.362pt on input line 129.
LaTeX Font Info:    Encoding `OT1' has changed to `TU' for symbol font
(Font)              `operators' in the math version `normal' on input line 129.

LaTeX Font Info:    Overwriting symbol font `operators' in version `normal'
(Font)                  OT1/ztmcm/m/n --> TU/latinmodern-math.otf(1)/m/n on inp
ut line 129.
LaTeX Font Info:    Encoding `OT1' has changed to `TU' for symbol font
(Font)              `operators' in the math version `bold' on input line 129.
LaTeX Font Info:    Overwriting symbol font `operators' in version `bold'
(Font)                  OT1/ztmcm/m/n --> TU/latinmodern-math.otf(1)/b/n on inp
ut line 129.

Package fontspec Info: latinmodern-math scale = 1.030160523730429.


Package fontspec Info: latinmodern-math scale = 1.030263539782802.


Package fontspec Info: latinmodern-math scale = 1.030160523730429.


Package fontspec Info: latinmodern-math scale = 1.030263539782802.


Package fontspec Info: latinmodern-math scale = 1.030160523730429.


Package fontspec Info: latinmodern-math scale = 1.030263539782802.


Package fontspec Info: latinmodern-math scale = 1.030160523730429.


Package fontspec Info: latinmodern-math scale = 1.030263539782802.


Package fontspec Info: latinmodern-math scale = 1.030160523730429.


Package fontspec Info: latinmodern-math scale = 1.030263539782802.


Package fontspec Info: Font family 'latinmodern-math.otf(2)' created for font
(fontspec)             'latinmodern-math.otf' with options
(fontspec)             [Scale=MatchLowercase,BoldItalicFont={},ItalicFont={},Sm
allCapsFont={},Script=Math,SizeFeatures={{Size=10.2-},{Size=7.2-10.2,Font=latin
modern-math.otf,Style=MathScript},{Size=-7.2,Font=latinmodern-math.otf,Style=Ma
thScriptScript}},BoldFont={latinmodern-math.otf},ScaleAgain=1.0001,FontAdjustme
nt={\fontdimen
(fontspec)             8\font =8.36908pt\relax \fontdimen 9\font
(fontspec)             =4.87062pt\relax \fontdimen 10\font =5.48872pt\relax
(fontspec)             \fontdimen 11\font =8.48033pt\relax \fontdimen 12\font
(fontspec)             =4.2649pt\relax \fontdimen 13\font =4.48741pt\relax
(fontspec)             \fontdimen 14\font =4.48741pt\relax \fontdimen 15\font
(fontspec)             =3.57262pt\relax \fontdimen 16\font =3.05342pt\relax
(fontspec)             \fontdimen 17\font =3.05342pt\relax \fontdimen 18\font
(fontspec)             =3.0905pt\relax \fontdimen 19\font =2.4724pt\relax
(fontspec)             \fontdimen 22\font =3.0905pt\relax \fontdimen 20\font
(fontspec)             =0pt\relax \fontdimen 21\font =0pt\relax }].
(fontspec)              
(fontspec)              This font family consists of the following NFSS
(fontspec)             series/shapes:
(fontspec)              
(fontspec)             - 'normal' (m/n) with NFSS spec.:
(fontspec)             <10.2->s*[1.030263539782802]"[latinmodern-math.otf]/OT:s
cript=math;language=dflt;"<7.2-10.2>s*[1.030263539782802]"[latinmodern-math.otf
]/OT:script=math;language=dflt;+ssty=0;"<-7.2>s*[1.030263539782802]"[latinmoder
n-math.otf]/OT:script=math;language=dflt;+ssty=1;"
(fontspec)             - 'small caps'  (m/sc) with NFSS spec.: 
(fontspec)             and font adjustment code:
(fontspec)             \fontdimen 8\font =8.36908pt\relax \fontdimen 9\font
(fontspec)             =4.87062pt\relax \fontdimen 10\font =5.48872pt\relax
(fontspec)             \fontdimen 11\font =8.48033pt\relax \fontdimen 12\font
(fontspec)             =4.2649pt\relax \fontdimen 13\font =4.48741pt\relax
(fontspec)             \fontdimen 14\font =4.48741pt\relax \fontdimen 15\font
(fontspec)             =3.57262pt\relax \fontdimen 16\font =3.05342pt\relax
(fontspec)             \fontdimen 17\font =3.05342pt\relax \fontdimen 18\font
(fontspec)             =3.0905pt\relax \fontdimen 19\font =2.4724pt\relax
(fontspec)             \fontdimen 22\font =3.0905pt\relax \fontdimen 20\font
(fontspec)             =0pt\relax \fontdimen 21\font =0pt\relax 
(fontspec)             - 'bold' (b/n) with NFSS spec.:
(fontspec)             <->s*[1.030263539782802]"[latinmodern-math.otf]/OT:scrip
t=math;language=dflt;"
(fontspec)             - 'bold small caps'  (b/sc) with NFSS spec.: 
(fontspec)             and font adjustment code:
(fontspec)             \fontdimen 8\font =8.36908pt\relax \fontdimen 9\font
(fontspec)             =4.87062pt\relax \fontdimen 10\font =5.48872pt\relax
(fontspec)             \fontdimen 11\font =8.48033pt\relax \fontdimen 12\font
(fontspec)             =4.2649pt\relax \fontdimen 13\font =4.48741pt\relax
(fontspec)             \fontdimen 14\font =4.48741pt\relax \fontdimen 15\font
(fontspec)             =3.57262pt\relax \fontdimen 16\font =3.05342pt\relax
(fontspec)             \fontdimen 17\font =3.05342pt\relax \fontdimen 18\font
(fontspec)             =3.0905pt\relax \fontdimen 19\font =2.4724pt\relax
(fontspec)             \fontdimen 22\font =3.0905pt\relax \fontdimen 20\font
(fontspec)             =0pt\relax \fontdimen 21\font =0pt\relax 

LaTeX Font Info:    Encoding `OMS' has changed to `TU' for symbol font
(Font)              `symbols' in the math version `normal' on input line 129.
LaTeX Font Info:    Overwriting symbol font `symbols' in version `normal'
(Font)                  OMS/ztmcm/m/n --> TU/latinmodern-math.otf(2)/m/n on inp
ut line 129.
LaTeX Font Info:    Encoding `OMS' has changed to `TU' for symbol font
(Font)              `symbols' in the math version `bold' on input line 129.
LaTeX Font Info:    Overwriting symbol font `symbols' in version `bold'
(Font)                  OMS/ztmcm/m/n --> TU/latinmodern-math.otf(2)/b/n on inp
ut line 129.

Package fontspec Info: latinmodern-math scale = 1.030160523730429.


Package fontspec Info: latinmodern-math scale = 1.030057507678056.


Package fontspec Info: latinmodern-math scale = 1.030160523730429.


Package fontspec Info: latinmodern-math scale = 1.030057507678056.


Package fontspec Info: latinmodern-math scale = 1.030160523730429.


Package fontspec Info: latinmodern-math scale = 1.030057507678056.


Package fontspec Info: latinmodern-math scale = 1.030160523730429.


Package fontspec Info: latinmodern-math scale = 1.030057507678056.


Package fontspec Info: latinmodern-math scale = 1.030160523730429.


Package fontspec Info: latinmodern-math scale = 1.030057507678056.


Package fontspec Info: Font family 'latinmodern-math.otf(3)' created for font
(fontspec)             'latinmodern-math.otf' with options
(fontspec)             [Scale=MatchLowercase,BoldItalicFont={},ItalicFont={},Sm
allCapsFont={},Script=Math,SizeFeatures={{Size=10.2-},{Size=7.2-10.2,Font=latin
modern-math.otf,Style=MathScript},{Size=-7.2,Font=latinmodern-math.otf,Style=Ma
thScriptScript}},BoldFont={latinmodern-math.otf},ScaleAgain=0.9999,FontAdjustme
nt={\fontdimen
(fontspec)             8\font =0.49448pt\relax \fontdimen 9\font
(fontspec)             =2.4724pt\relax \fontdimen 10\font =2.06445pt\relax
(fontspec)             \fontdimen 11\font =1.37218pt\relax \fontdimen 12\font
(fontspec)             =7.4172pt\relax \fontdimen 13\font =0pt\relax }].
(fontspec)              
(fontspec)              This font family consists of the following NFSS
(fontspec)             series/shapes:
(fontspec)              
(fontspec)             - 'normal' (m/n) with NFSS spec.:
(fontspec)             <10.2->s*[1.030057507678056]"[latinmodern-math.otf]/OT:s
cript=math;language=dflt;"<7.2-10.2>s*[1.030057507678056]"[latinmodern-math.otf
]/OT:script=math;language=dflt;+ssty=0;"<-7.2>s*[1.030057507678056]"[latinmoder
n-math.otf]/OT:script=math;language=dflt;+ssty=1;"
(fontspec)             - 'small caps'  (m/sc) with NFSS spec.: 
(fontspec)             and font adjustment code:
(fontspec)             \fontdimen 8\font =0.49448pt\relax \fontdimen 9\font
(fontspec)             =2.4724pt\relax \fontdimen 10\font =2.06445pt\relax
(fontspec)             \fontdimen 11\font =1.37218pt\relax \fontdimen 12\font
(fontspec)             =7.4172pt\relax \fontdimen 13\font =0pt\relax 
(fontspec)             - 'bold' (b/n) with NFSS spec.:
(fontspec)             <->s*[1.030057507678056]"[latinmodern-math.otf]/OT:scrip
t=math;language=dflt;"
(fontspec)             - 'bold small caps'  (b/sc) with NFSS spec.: 
(fontspec)             and font adjustment code:
(fontspec)             \fontdimen 8\font =0.49448pt\relax \fontdimen 9\font
(fontspec)             =2.4724pt\relax \fontdimen 10\font =2.06445pt\relax
(fontspec)             \fontdimen 11\font =1.37218pt\relax \fontdimen 12\font
(fontspec)             =7.4172pt\relax \fontdimen 13\font =0pt\relax 

LaTeX Font Info:    Encoding `OMX' has changed to `TU' for symbol font
(Font)              `largesymbols' in the math version `normal' on input line 1
29.
LaTeX Font Info:    Overwriting symbol font `largesymbols' in version `normal'
(Font)                  OMX/ztmcm/m/n --> TU/latinmodern-math.otf(3)/m/n on inp
ut line 129.
LaTeX Font Info:    Encoding `OMX' has changed to `TU' for symbol font
(Font)              `largesymbols' in the math version `bold' on input line 129
.
LaTeX Font Info:    Overwriting symbol font `largesymbols' in version `bold'
(Font)                  OMX/ztmcm/m/n --> TU/latinmodern-math.otf(3)/b/n on inp
ut line 129.
Package hyperref Info: Link coloring ON on input line 129.

(c:/Users/solis/AppData/Roaming/TinyTeX/texmf-dist/tex/latex/hyperref/nameref.s
ty
Package: nameref 2021-04-02 v2.47 Cross-referencing by name of section

(c:/Users/solis/AppData/Roaming/TinyTeX/texmf-dist/tex/latex/refcount/refcount.
sty
Package: refcount 2019/12/15 v3.6 Data extraction from label references (HO)
)
(c:/Users/solis/AppData/Roaming/TinyTeX/texmf-dist/tex/generic/gettitlestring/g
ettitlestring.sty
Package: gettitlestring 2019/12/15 v1.6 Cleanup title references (HO)
)
\c@section@level=\count327
)
LaTeX Info: Redefining \ref on input line 129.
LaTeX Info: Redefining \pageref on input line 129.
LaTeX Info: Redefining \nameref on input line 129.
(./paper.out) (./paper.out)
\@outlinefile=\write3
\openout3 = `paper.out'.

*geometry* driver: auto-detecting
*geometry* detected driver: xetex
*geometry* verbose mode - [ preamble ] result:
* driver: xetex
* paper: <default>
* layout: <same size as paper>
* layoutoffset:(h,v)=(0.0pt,0.0pt)
* modes: 
* h-part:(L,W,R)=(72.26999pt, 469.75502pt, 72.26999pt)
* v-part:(T,H,B)=(72.26999pt, 650.43001pt, 72.26999pt)
* \paperwidth=614.295pt
* \paperheight=794.96999pt
* \textwidth=469.75502pt
* \textheight=650.43001pt
* \oddsidemargin=0.0pt
* \evensidemargin=0.0pt
* \topmargin=-37.0pt
* \headheight=12.0pt
* \headsep=25.0pt
* \topskip=12.0pt
* \footskip=30.0pt
* \marginparwidth=44.0pt
* \marginparsep=10.0pt
* \columnsep=10.0pt
* \skip\footins=10.8pt plus 4.0pt minus 2.0pt
* \hoffset=0.0pt
* \voffset=0.0pt
* \mag=1000
* \@twocolumnfalse
* \@twosidefalse
* \@mparswitchfalse
* \@reversemarginfalse
* (1in=72.27pt=25.4mm, 1cm=28.453pt)

Package caption Info: Begin \AtBeginDocument code.
Package caption Info: threeparttable package is loaded.
Package caption Info: wrapfig package is loaded.
Package caption Info: End \AtBeginDocument code.
LaTeX Font Info:    Font shape `TU/latinmodern-math.otf(1)/m/n' will be
(Font)              scaled to size 14.83438pt on input line 131.
LaTeX Font Info:    Font shape `TU/latinmodern-math.otf(1)/m/n' will be
(Font)              scaled to size 11.28032pt on input line 131.
LaTeX Font Info:    Font shape `TU/latinmodern-math.otf(1)/m/n' will be
(Font)              scaled to size 8.24133pt on input line 131.
LaTeX Font Info:    Trying to load font information for OML+ztmcm on input line
 131.

(c:/Users/solis/AppData/Roaming/TinyTeX/texmf-dist/tex/latex/psnfss/omlztmcm.fd
File: omlztmcm.fd 2000/01/03 Fontinst v1.801 font definitions for OML/ztmcm.
)
LaTeX Font Info:    Font shape `TU/latinmodern-math.otf(2)/m/n' will be
(Font)              scaled to size 14.83571pt on input line 131.
LaTeX Font Info:    Font shape `TU/latinmodern-math.otf(2)/m/n' will be
(Font)              scaled to size 11.28131pt on input line 131.
LaTeX Font Info:    Font shape `TU/latinmodern-math.otf(2)/m/n' will be
(Font)              scaled to size 8.24207pt on input line 131.
LaTeX Font Info:    Font shape `TU/latinmodern-math.otf(3)/m/n' will be
(Font)              scaled to size 14.83284pt on input line 131.
LaTeX Font Info:    Font shape `TU/latinmodern-math.otf(3)/m/n' will be
(Font)              scaled to size 11.27914pt on input line 131.
LaTeX Font Info:    Font shape `TU/latinmodern-math.otf(3)/m/n' will be
(Font)              scaled to size 8.24048pt on input line 131.
LaTeX Font Info:    Trying to load font information for OT1+ptm on input line 1
31.
(c:/Users/solis/AppData/Roaming/TinyTeX/texmf-dist/tex/latex/psnfss/ot1ptm.fd
File: ot1ptm.fd 2001/06/04 font definitions for OT1/ptm.
)
LaTeX Font Info:    Font shape `OT1/ptm/bx/n' in size <14.4> not available
(Font)              Font shape `OT1/ptm/b/n' tried instead on input line 131.
LaTeX Font Info:    Font shape `OT1/ptm/bx/n' in size <10.95> not available
(Font)              Font shape `OT1/ptm/b/n' tried instead on input line 131.
LaTeX Font Info:    Font shape `OT1/ptm/bx/n' in size <8> not available
(Font)              Font shape `OT1/ptm/b/n' tried instead on input line 131.
Missing character: There is no  (U+FEFF) in font [lmsans12-regular]:mapping=te
x-text;!
LaTeX Font Info:    Font shape `TU/latinmodern-math.otf(1)/m/n' will be
(Font)              scaled to size 8.65338pt on input line 134.
LaTeX Font Info:    Font shape `TU/latinmodern-math.otf(1)/m/n' will be
(Font)              scaled to size 6.181pt on input line 134.
LaTeX Font Info:    Font shape `TU/latinmodern-math.otf(2)/m/n' will be
(Font)              scaled to size 12.3631pt on input line 134.
LaTeX Font Info:    Font shape `TU/latinmodern-math.otf(2)/m/n' will be
(Font)              scaled to size 8.65416pt on input line 134.
LaTeX Font Info:    Font shape `TU/latinmodern-math.otf(2)/m/n' will be
(Font)              scaled to size 6.18155pt on input line 134.
LaTeX Font Info:    Font shape `TU/latinmodern-math.otf(3)/m/n' will be
(Font)              scaled to size 12.36072pt on input line 134.
LaTeX Font Info:    Font shape `TU/latinmodern-math.otf(3)/m/n' will be
(Font)              scaled to size 8.65248pt on input line 134.
LaTeX Font Info:    Font shape `TU/latinmodern-math.otf(3)/m/n' will be
(Font)              scaled to size 6.18036pt on input line 134.
LaTeX Font Info:    Font shape `OT1/ptm/bx/n' in size <12> not available
(Font)              Font shape `OT1/ptm/b/n' tried instead on input line 134.
LaTeX Font Info:    Font shape `OT1/ptm/bx/n' in size <8.4> not available
(Font)              Font shape `OT1/ptm/b/n' tried instead on input line 134.
LaTeX Font Info:    Font shape `OT1/ptm/bx/n' in size <6> not available
(Font)              Font shape `OT1/ptm/b/n' tried instead on input line 134.
LaTeX Font Info:    Font shape `TU/latinmodern-math.otf(1)/m/n' will be
(Font)              scaled to size 10.30167pt on input line 134.
LaTeX Font Info:    Font shape `TU/latinmodern-math.otf(1)/m/n' will be
(Font)              scaled to size 7.62321pt on input line 134.
LaTeX Font Info:    Font shape `TU/latinmodern-math.otf(2)/m/n' will be
(Font)              scaled to size 10.30258pt on input line 134.
LaTeX Font Info:    Font shape `TU/latinmodern-math.otf(2)/m/n' will be
(Font)              scaled to size 7.6239pt on input line 134.
LaTeX Font Info:    Font shape `TU/latinmodern-math.otf(3)/m/n' will be
(Font)              scaled to size 10.3006pt on input line 134.
LaTeX Font Info:    Font shape `TU/latinmodern-math.otf(3)/m/n' will be
(Font)              scaled to size 7.62242pt on input line 134.
LaTeX Font Info:    Font shape `OT1/ptm/bx/n' in size <10> not available
(Font)              Font shape `OT1/ptm/b/n' tried instead on input line 134.
LaTeX Font Info:    Font shape `OT1/ptm/bx/n' in size <7.4> not available
(Font)              Font shape `OT1/ptm/b/n' tried instead on input line 134.

Underfull \hbox (badness 1354) in paragraph at lines 134--135
\TU/lmss/m/n/12 Gisele Manirabaruta,$[]$ Jean Lodomir Habarimana Mfura,$[]$ Fa
toma Momoh,$[]$ Alberto
 []

[1

] [2] [3] [4] [5] [6]
LaTeX Font Info:    Font shape `TU/lmss/m/it' in size <12> not available
(Font)              Font shape `TU/lmss/m/sl' tried instead on input line 204.
[7] [8] [9] [10]

Package hyperref Warning: The anchor of a bookmark and its parent's must not
(hyperref)                be the same. Added a new anchor on input line 244.

[11

] [12] [13] [14] [15]
Underfull \hbox (badness 1728) in paragraph at lines 390--390
[]\TU/lmss/m/n/12 World Health Organization. Draft landscape and tracker of COV
ID-19 candi-
 []


Overfull \hbox (2.608pt too wide) in paragraph at lines 388--391
[][] []
 []


Underfull \hbox (badness 10000) in paragraph at lines 388--391

 []


Overfull \hbox (2.608pt too wide) in paragraph at lines 392--395
[][][] []
 []


Underfull \hbox (badness 10000) in paragraph at lines 392--395

 []


Overfull \hbox (2.608pt too wide) in paragraph at lines 396--399
[][][] []
 []


Underfull \hbox (badness 10000) in paragraph at lines 396--399

 []


Overfull \hbox (2.608pt too wide) in paragraph at lines 400--403
[][][] []
 []


Underfull \hbox (badness 10000) in paragraph at lines 400--403

 []


Overfull \hbox (2.608pt too wide) in paragraph at lines 404--407
[][][] []
 []


Underfull \hbox (badness 10000) in paragraph at lines 404--407

 []


Overfull \hbox (2.608pt too wide) in paragraph at lines 408--411
[][][] []
 []


Underfull \hbox (badness 10000) in paragraph at lines 408--411

 []


Overfull \hbox (2.608pt too wide) in paragraph at lines 412--415
[][][] []
 []


Underfull \hbox (badness 10000) in paragraph at lines 412--415

 []


Overfull \hbox (2.608pt too wide) in paragraph at lines 416--419
[][][] []
 []


Underfull \hbox (badness 10000) in paragraph at lines 416--419

 []


Overfull \hbox (2.608pt too wide) in paragraph at lines 420--423
[][][] []
 []


Underfull \hbox (badness 10000) in paragraph at lines 420--423

 []


Overfull \hbox (2.608pt too wide) in paragraph at lines 424--427
[][][] []
 []


Underfull \hbox (badness 10000) in paragraph at lines 424--427

 []


Overfull \hbox (2.608pt too wide) in paragraph at lines 428--431
[][][] []
 []


Underfull \hbox (badness 10000) in paragraph at lines 428--431

 []


Overfull \hbox (2.608pt too wide) in paragraph at lines 432--435
[][][] []
 []


Underfull \hbox (badness 10000) in paragraph at lines 432--435

 []


Overfull \hbox (2.608pt too wide) in paragraph at lines 436--439
[][][] []
 []


Underfull \hbox (badness 10000) in paragraph at lines 436--439

 []


Overfull \hbox (2.608pt too wide) in paragraph at lines 440--443
[][][] []
 []


Underfull \hbox (badness 10000) in paragraph at lines 440--443

 []


Overfull \hbox (2.608pt too wide) in paragraph at lines 444--447
[][][] []
 []


Underfull \hbox (badness 10000) in paragraph at lines 444--447

 []

[16]
Overfull \hbox (2.608pt too wide) in paragraph at lines 448--451
[][][] []
 []


Underfull \hbox (badness 10000) in paragraph at lines 448--451

 []


Overfull \hbox (2.608pt too wide) in paragraph at lines 452--455
[][][] []
 []


Underfull \hbox (badness 10000) in paragraph at lines 452--455

 []


Overfull \hbox (2.608pt too wide) in paragraph at lines 456--459
[][][] []
 []


Underfull \hbox (badness 10000) in paragraph at lines 456--459

 []


Overfull \hbox (2.608pt too wide) in paragraph at lines 460--463
[][][] []
 []


Underfull \hbox (badness 10000) in paragraph at lines 460--463

 []


Overfull \hbox (2.608pt too wide) in paragraph at lines 464--467
[][][] []
 []


Underfull \hbox (badness 10000) in paragraph at lines 464--467

 []


Overfull \hbox (2.608pt too wide) in paragraph at lines 468--471
[][][] []
 []


Underfull \hbox (badness 10000) in paragraph at lines 468--471

 []


Overfull \hbox (2.608pt too wide) in paragraph at lines 472--475
[][][] []
 []


Underfull \hbox (badness 10000) in paragraph at lines 472--475

 []


Overfull \hbox (2.608pt too wide) in paragraph at lines 476--479
[][][] []
 []


Underfull \hbox (badness 10000) in paragraph at lines 476--479

 []


Overfull \hbox (2.608pt too wide) in paragraph at lines 480--483
[][][] []
 []


Underfull \hbox (badness 10000) in paragraph at lines 480--483

 []


Overfull \hbox (2.608pt too wide) in paragraph at lines 484--487
[][][] []
 []


Underfull \hbox (badness 10000) in paragraph at lines 484--487

 []


Overfull \hbox (2.608pt too wide) in paragraph at lines 488--491
[][][] []
 []


Underfull \hbox (badness 10000) in paragraph at lines 488--491

 []


Overfull \hbox (2.608pt too wide) in paragraph at lines 492--495
[][][] []
 []


Underfull \hbox (badness 10000) in paragraph at lines 492--495

 []


Overfull \hbox (2.608pt too wide) in paragraph at lines 496--499
[][][] []
 []


Underfull \hbox (badness 10000) in paragraph at lines 496--499

 []


Overfull \hbox (2.608pt too wide) in paragraph at lines 500--503
[][][] []
 []


Underfull \hbox (badness 10000) in paragraph at lines 500--503

 []


Overfull \hbox (2.608pt too wide) in paragraph at lines 504--507
[][][] []
 []


Underfull \hbox (badness 10000) in paragraph at lines 504--507

 []


Overfull \hbox (2.608pt too wide) in paragraph at lines 508--511
[][][] []
 []


Underfull \hbox (badness 10000) in paragraph at lines 508--511

 []

[17]
Overfull \hbox (2.608pt too wide) in paragraph at lines 512--515
[][][] []
 []


Underfull \hbox (badness 10000) in paragraph at lines 512--515

 []


Overfull \hbox (2.608pt too wide) in paragraph at lines 516--519
[][][] []
 []


Underfull \hbox (badness 10000) in paragraph at lines 516--519

 []


Overfull \hbox (2.608pt too wide) in paragraph at lines 520--523
[][][] []
 []


Underfull \hbox (badness 10000) in paragraph at lines 520--523

 []


Overfull \hbox (2.608pt too wide) in paragraph at lines 524--527
[][][] []
 []


Underfull \hbox (badness 10000) in paragraph at lines 524--527

 []


Overfull \hbox (2.608pt too wide) in paragraph at lines 528--531
[][][] []
 []


Underfull \hbox (badness 10000) in paragraph at lines 528--531

 []


Overfull \hbox (2.608pt too wide) in paragraph at lines 532--535
[][][] []
 []


Underfull \hbox (badness 10000) in paragraph at lines 532--535

 []


Overfull \hbox (2.608pt too wide) in paragraph at lines 536--539
[][][] []
 []


Underfull \hbox (badness 10000) in paragraph at lines 536--539

 []


Overfull \hbox (2.608pt too wide) in paragraph at lines 540--543
[][][] []
 []


Underfull \hbox (badness 10000) in paragraph at lines 540--543

 []


Overfull \hbox (2.608pt too wide) in paragraph at lines 544--547
[][][] []
 []


Underfull \hbox (badness 10000) in paragraph at lines 544--547

 []


Overfull \hbox (2.608pt too wide) in paragraph at lines 548--551
[][][] []
 []


Underfull \hbox (badness 10000) in paragraph at lines 548--551

 []


Overfull \hbox (2.608pt too wide) in paragraph at lines 552--555
[][][] []
 []


Underfull \hbox (badness 10000) in paragraph at lines 552--555

 []


Overfull \hbox (2.608pt too wide) in paragraph at lines 556--559
[][][] []
 []


Underfull \hbox (badness 10000) in paragraph at lines 556--559

 []


Overfull \hbox (2.608pt too wide) in paragraph at lines 560--563
[][][] []
 []


Underfull \hbox (badness 10000) in paragraph at lines 560--563

 []


Overfull \hbox (2.608pt too wide) in paragraph at lines 564--567
[][][] []
 []


Underfull \hbox (badness 10000) in paragraph at lines 564--567

 []

[18]
Overfull \hbox (2.608pt too wide) in paragraph at lines 568--571
[][][] []
 []


Underfull \hbox (badness 10000) in paragraph at lines 568--571

 []


Overfull \hbox (2.608pt too wide) in paragraph at lines 572--575
[][][] []
 []


Underfull \hbox (badness 10000) in paragraph at lines 572--575

 []


Overfull \hbox (2.608pt too wide) in paragraph at lines 576--579
[][][] []
 []


Underfull \hbox (badness 10000) in paragraph at lines 576--579

 []


Overfull \hbox (2.608pt too wide) in paragraph at lines 580--583
[][][] []
 []


Underfull \hbox (badness 10000) in paragraph at lines 580--583

 []


Overfull \hbox (2.608pt too wide) in paragraph at lines 584--587
[][][] []
 []


Underfull \hbox (badness 10000) in paragraph at lines 584--587

 []


Overfull \hbox (2.608pt too wide) in paragraph at lines 588--591
[][][] []
 []


Underfull \hbox (badness 10000) in paragraph at lines 588--591

 []


Overfull \hbox (2.608pt too wide) in paragraph at lines 592--595
[][][] []
 []


Underfull \hbox (badness 10000) in paragraph at lines 592--595

 []


Overfull \hbox (2.608pt too wide) in paragraph at lines 596--599
[][][] []
 []


Underfull \hbox (badness 10000) in paragraph at lines 596--599

 []


Overfull \hbox (2.608pt too wide) in paragraph at lines 600--603
[][][] []
 []


Underfull \hbox (badness 10000) in paragraph at lines 600--603

 []


Overfull \hbox (2.608pt too wide) in paragraph at lines 604--607
[][][] []
 []


Underfull \hbox (badness 10000) in paragraph at lines 604--607

 []


Overfull \hbox (2.608pt too wide) in paragraph at lines 608--611
[][][] []
 []


Underfull \hbox (badness 10000) in paragraph at lines 608--611

 []


Overfull \hbox (2.608pt too wide) in paragraph at lines 612--615
[][][] []
 []


Underfull \hbox (badness 10000) in paragraph at lines 612--615

 []


Overfull \hbox (2.608pt too wide) in paragraph at lines 616--619
[][][] []
 []


Underfull \hbox (badness 10000) in paragraph at lines 616--619

 []

[19]
Overfull \hbox (2.608pt too wide) in paragraph at lines 620--623
[][][] []
 []


Underfull \hbox (badness 10000) in paragraph at lines 620--623

 []


Overfull \hbox (2.608pt too wide) in paragraph at lines 624--627
[][][] []
 []


Underfull \hbox (badness 10000) in paragraph at lines 624--627

 []


Overfull \hbox (2.608pt too wide) in paragraph at lines 628--631
[][][] []
 []


Underfull \hbox (badness 10000) in paragraph at lines 628--631

 []


Overfull \hbox (2.608pt too wide) in paragraph at lines 632--635
[][][] []
 []


Underfull \hbox (badness 10000) in paragraph at lines 632--635

 []


Overfull \hbox (2.608pt too wide) in paragraph at lines 636--639
[][][] []
 []


Underfull \hbox (badness 10000) in paragraph at lines 636--639

 []


Overfull \hbox (2.608pt too wide) in paragraph at lines 640--643
[][][] []
 []


Underfull \hbox (badness 10000) in paragraph at lines 640--643

 []


Overfull \hbox (2.608pt too wide) in paragraph at lines 644--647
[][][] []
 []


Underfull \hbox (badness 10000) in paragraph at lines 644--647

 []


Overfull \hbox (2.608pt too wide) in paragraph at lines 648--651
[][][] []
 []


Underfull \hbox (badness 10000) in paragraph at lines 648--651

 []


Overfull \hbox (2.608pt too wide) in paragraph at lines 652--655
[][][] []
 []


Underfull \hbox (badness 10000) in paragraph at lines 652--655

 []


Overfull \hbox (2.608pt too wide) in paragraph at lines 656--659
[][][] []
 []


Underfull \hbox (badness 10000) in paragraph at lines 656--659

 []


Overfull \hbox (2.608pt too wide) in paragraph at lines 660--663
[][][] []
 []


Underfull \hbox (badness 10000) in paragraph at lines 660--663

 []


Overfull \hbox (2.608pt too wide) in paragraph at lines 664--667
[][][] []
 []


Underfull \hbox (badness 10000) in paragraph at lines 664--667

 []


Overfull \hbox (2.608pt too wide) in paragraph at lines 668--671
[][][] []
 []


Underfull \hbox (badness 10000) in paragraph at lines 668--671

 []

[20]
Overfull \hbox (2.608pt too wide) in paragraph at lines 672--675
[][][] []
 []


Underfull \hbox (badness 10000) in paragraph at lines 672--675

 []


Overfull \hbox (2.608pt too wide) in paragraph at lines 676--679
[][][] []
 []


Underfull \hbox (badness 10000) in paragraph at lines 676--679

 []


Overfull \hbox (2.608pt too wide) in paragraph at lines 680--683
[][][] []
 []


Underfull \hbox (badness 10000) in paragraph at lines 680--683

 []


Overfull \hbox (2.608pt too wide) in paragraph at lines 684--687
[][][] []
 []


Underfull \hbox (badness 10000) in paragraph at lines 684--687

 []

[21] [22

]
Overfull \hbox (1.07pt too wide) in paragraph at lines 773--773
 []|\TU/lmss/bx/n/10 Diphtheria, 
 []

[23


]
File: paper_files/figure-latex/mainfigure1-1.pdf Graphic file (type pdf)
<use paper_files/figure-latex/mainfigure1-1.pdf>
File: paper_files/figure-latex/fig2paper-1.pdf Graphic file (type pdf)
<use paper_files/figure-latex/fig2paper-1.pdf>
File: paper_files/figure-latex/fig3paper-1.pdf Graphic file (type pdf)
<use paper_files/figure-latex/fig3paper-1.pdf>
[24

]
File: paper_files/figure-latex/genderhist-1.pdf Graphic file (type pdf)
<use paper_files/figure-latex/genderhist-1.pdf>
File: paper_files/figure-latex/histcattrust-1.pdf Graphic file (type pdf)
<use paper_files/figure-latex/histcattrust-1.pdf>
File: paper_files/figure-latex/mainloo-1.pdf Graphic file (type pdf)
<use paper_files/figure-latex/mainloo-1.pdf>
[25] [26] [27] [28] [29] [1

] [2]

LaTeX Warning: `!h' float specifier changed to `!ht'.


LaTeX Warning: `!h' float specifier changed to `!ht'.

[3] [4] [5] [6

]
Overfull \hbox (39.56999pt too wide) in alignment at lines 1133--1138
 [] [] [] [] [] [] [] [] [] [] 
 []

LaTeX Font Info:    Font shape `TU/lmss/bx/it' in size <12> not available
(Font)              Font shape `TU/lmss/bx/sl' tried instead on input line 1139
.

Overfull \hbox (39.56999pt too wide) in alignment at lines 1138--1143
 [] [] [] [] [] [] [] [] [] [] 
 []


Overfull \hbox (39.56999pt too wide) in alignment at lines 1143--1145
 [] [] [] [] [] [] [] [] [] [] 
 []


Overfull \hbox (39.56999pt too wide) in alignment at lines 1145--1148
 [] [] [] [] [] [] [] [] [] [] 
 []


Overfull \hbox (39.56999pt too wide) in alignment at lines 1148--1215
 [] [] [] [] [] [] [] [] [] [] 
 []

[7


] [8] [9] [10

] [11] [12]

LaTeX Warning: `!h' float specifier changed to `!ht'.

[13

] [14]
Overfull \hbox (5.75pt too wide) in paragraph at lines 1453--1453
\TU/lmss/m/n/10 younottake 
 []


Overfull \hbox (5.75pt too wide) in paragraph at lines 1453--1453
\TU/lmss/m/n/10 younottake 
 []


Overfull \hbox (3.19pt too wide) in paragraph at lines 1453--1453
[]|\TU/lmss/m/n/10 Mozambique|  
 []


Overfull \hbox (5.75pt too wide) in paragraph at lines 1453--1453
\TU/lmss/m/n/10 younottake 
 []


Overfull \hbox (5.75pt too wide) in paragraph at lines 1453--1453
\TU/lmss/m/n/10 younottake 
 []


Overfull \hbox (5.75pt too wide) in paragraph at lines 1453--1453
\TU/lmss/m/n/10 younottake 
 []


Overfull \hbox (5.75pt too wide) in paragraph at lines 1453--1453
\TU/lmss/m/n/10 younottake 
 []


Overfull \hbox (5.75pt too wide) in paragraph at lines 1453--1453
\TU/lmss/m/n/10 younottake 
 []


Overfull \hbox (5.75pt too wide) in paragraph at lines 1453--1453
\TU/lmss/m/n/10 younottake 
 []


Overfull \hbox (5.75pt too wide) in paragraph at lines 1453--1453
\TU/lmss/m/n/10 younottake 
 []


Overfull \hbox (5.75pt too wide) in paragraph at lines 1453--1453
\TU/lmss/m/n/10 younottake 
 []


Overfull \hbox (5.75pt too wide) in paragraph at lines 1453--1453
\TU/lmss/m/n/10 younottake 
 []


Overfull \hbox (5.75pt too wide) in paragraph at lines 1453--1453
\TU/lmss/m/n/10 younottake 
 []


Overfull \hbox (5.75pt too wide) in paragraph at lines 1453--1453
\TU/lmss/m/n/10 younottake 
 []


LaTeX Warning: Float too large for page by 6.87692pt on input line 1454.


LaTeX Warning: `!h' float specifier changed to `!ht'.

[15] [16



] (./paper.aux)

LaTeX Warning: There were multiply-defined labels.

Package rerunfilecheck Info: File `paper.out' has not changed.
(rerunfilecheck)             Checksum: 0EA5A414BB00604050CD14722A621E18;1988.
 ) 
Here is how much of TeX's memory you used:
 19691 strings out of 478468
 350575 string characters out of 5857398
 1007192 words of memory out of 5000000
 39684 multiletter control sequences out of 15000+600000
 421923 words of font info for 121 fonts, out of 8000000 for 9000
 14 hyphenation exceptions out of 8191
 87i,14n,122p,4161b,594s stack positions out of 5000i,500n,10000p,200000b,80000s

Output written on paper.pdf (45 pages).
